
==== String.ancestors() =====
['String', 'List', 'Enumerable', 'Object', 'BasicObject']
============================
List(1)
============================
In tap()
['size', 'unshift', 'length', 'nagasa', 'join', 'to_s', 'tap', 'concat', 'push', 'pop', 'sort', 'uniq', 'shift', 'respond_to']
Out tap()
14
============================
String
============================
Abc_def
ABCDEF
abcdef
6
6
6
============================
List(2)
============================
Enumerable
List
4
4
4
==== List#uniq() =====
before uniq(): [1, 1, 11, 3, 3, 4, 9, 9]
after uniq(): [1, 11, 3, 4, 9]
============================
Refrection
============================
['size', 'unshift', 'length', 'nagasa', 'join', 'to_s', 'tap', 'concat', 'push', 'pop', 'sort', 'uniq', 'shift', 'respond_to']
['instance_methods', 'class_methods', 'alias_method', 'ancestors', 'new']
============================
List(3)
============================
1
2
3
4
1:2:3:4
1/2/3/4
==== data =====
[1, 2, 3, 4]
==== shift() =====
1
[2, 3, 4]
==== shift() =====
2
[3, 4]
==== pop() =====
4
[3]
==== unshift(99) =====
[99, 3]
[99, 3]
==== push(99) =====
[99, 3, 99]
[99, 3, 99]
==== push([99]) =====
[99, 3, 99, [99]]
[99, 3, 99, [99]]
==== concat([1,2,3,4]) =====
[99, 3, 99, [99], 1, 2, 3, 4]
[99, 3, 99, [99], 1, 2, 3, 4]

